<?xml version="1.0" encoding="UTF-8"?>
<testsuite xmlns:xsi="http://www.w3.org/2001/XMLSchema-instance" xsi:noNamespaceSchemaLocation="https://maven.apache.org/surefire/maven-surefire-plugin/xsd/surefire-test-report-3.0.xsd" version="3.0" name="test.TestClass" time="0.119" tests="1" errors="0" skipped="0" failures="0">
  <properties>
    <property name="java.specification.version" value="21"/>
    <property name="sun.cpu.isalist" value="amd64"/>
    <property name="sun.jnu.encoding" value="Cp1252"/>
    <property name="java.class.path" value="C:\Users\sumit\Documents\workspace-spring-tool-suite-4-4.21.0.RELEASE\demo\target\test-classes;C:\Users\sumit\Documents\workspace-spring-tool-suite-4-4.21.0.RELEASE\demo\target\classes;C:\Users\sumit\.m2\repository\org\seleniumhq\selenium\selenium-java\4.8.3\selenium-java-4.8.3.jar;C:\Users\sumit\.m2\repository\org\seleniumhq\selenium\selenium-api\4.8.3\selenium-api-4.8.3.jar;C:\Users\sumit\.m2\repository\org\seleniumhq\selenium\selenium-chrome-driver\4.8.3\selenium-chrome-driver-4.8.3.jar;C:\Users\sumit\.m2\repository\com\google\auto\service\auto-service-annotations\1.0.1\auto-service-annotations-1.0.1.jar;C:\Users\sumit\.m2\repository\com\google\auto\service\auto-service\1.0.1\auto-service-1.0.1.jar;C:\Users\sumit\.m2\repository\com\google\auto\auto-common\1.2\auto-common-1.2.jar;C:\Users\sumit\.m2\repository\com\google\guava\guava\31.1-jre\guava-31.1-jre.jar;C:\Users\sumit\.m2\repository\com\google\guava\failureaccess\1.0.1\failureaccess-1.0.1.jar;C:\Users\sumit\.m2\repository\com\google\guava\listenablefuture\9999.0-empty-to-avoid-conflict-with-guava\listenablefuture-9999.0-empty-to-avoid-conflict-with-guava.jar;C:\Users\sumit\.m2\repository\com\google\code\findbugs\jsr305\3.0.2\jsr305-3.0.2.jar;C:\Users\sumit\.m2\repository\org\checkerframework\checker-qual\3.12.0\checker-qual-3.12.0.jar;C:\Users\sumit\.m2\repository\com\google\errorprone\error_prone_annotations\2.11.0\error_prone_annotations-2.11.0.jar;C:\Users\sumit\.m2\repository\com\google\j2objc\j2objc-annotations\1.3\j2objc-annotations-1.3.jar;C:\Users\sumit\.m2\repository\org\seleniumhq\selenium\selenium-chromium-driver\4.8.3\selenium-chromium-driver-4.8.3.jar;C:\Users\sumit\.m2\repository\org\seleniumhq\selenium\selenium-json\4.8.3\selenium-json-4.8.3.jar;C:\Users\sumit\.m2\repository\org\seleniumhq\selenium\selenium-manager\4.8.3\selenium-manager-4.8.3.jar;C:\Users\sumit\.m2\repository\org\seleniumhq\selenium\selenium-devtools-v109\4.8.3\selenium-devtools-v109-4.8.3.jar;C:\Users\sumit\.m2\repository\org\seleniumhq\selenium\selenium-devtools-v110\4.8.3\selenium-devtools-v110-4.8.3.jar;C:\Users\sumit\.m2\repository\org\seleniumhq\selenium\selenium-devtools-v111\4.8.3\selenium-devtools-v111-4.8.3.jar;C:\Users\sumit\.m2\repository\org\seleniumhq\selenium\selenium-devtools-v85\4.8.3\selenium-devtools-v85-4.8.3.jar;C:\Users\sumit\.m2\repository\org\seleniumhq\selenium\selenium-edge-driver\4.8.3\selenium-edge-driver-4.8.3.jar;C:\Users\sumit\.m2\repository\org\seleniumhq\selenium\selenium-firefox-driver\4.8.3\selenium-firefox-driver-4.8.3.jar;C:\Users\sumit\.m2\repository\org\seleniumhq\selenium\selenium-http\4.8.3\selenium-http-4.8.3.jar;C:\Users\sumit\.m2\repository\dev\failsafe\failsafe\3.3.1\failsafe-3.3.1.jar;C:\Users\sumit\.m2\repository\org\seleniumhq\selenium\selenium-ie-driver\4.8.3\selenium-ie-driver-4.8.3.jar;C:\Users\sumit\.m2\repository\org\seleniumhq\selenium\selenium-remote-driver\4.8.3\selenium-remote-driver-4.8.3.jar;C:\Users\sumit\.m2\repository\com\beust\jcommander\1.82\jcommander-1.82.jar;C:\Users\sumit\.m2\repository\io\netty\netty-buffer\4.1.90.Final\netty-buffer-4.1.90.Final.jar;C:\Users\sumit\.m2\repository\io\netty\netty-codec-http\4.1.90.Final\netty-codec-http-4.1.90.Final.jar;C:\Users\sumit\.m2\repository\io\netty\netty-codec\4.1.90.Final\netty-codec-4.1.90.Final.jar;C:\Users\sumit\.m2\repository\io\netty\netty-handler\4.1.90.Final\netty-handler-4.1.90.Final.jar;C:\Users\sumit\.m2\repository\io\netty\netty-common\4.1.90.Final\netty-common-4.1.90.Final.jar;C:\Users\sumit\.m2\repository\io\netty\netty-transport-classes-epoll\4.1.90.Final\netty-transport-classes-epoll-4.1.90.Final.jar;C:\Users\sumit\.m2\repository\io\netty\netty-transport-classes-kqueue\4.1.90.Final\netty-transport-classes-kqueue-4.1.90.Final.jar;C:\Users\sumit\.m2\repository\io\netty\netty-transport-native-epoll\4.1.90.Final\netty-transport-native-epoll-4.1.90.Final.jar;C:\Users\sumit\.m2\repository\io\netty\netty-transport-native-kqueue\4.1.90.Final\netty-transport-native-kqueue-4.1.90.Final.jar;C:\Users\sumit\.m2\repository\io\netty\netty-transport-native-unix-common\4.1.90.Final\netty-transport-native-unix-common-4.1.90.Final.jar;C:\Users\sumit\.m2\repository\io\netty\netty-transport\4.1.90.Final\netty-transport-4.1.90.Final.jar;C:\Users\sumit\.m2\repository\io\netty\netty-resolver\4.1.90.Final\netty-resolver-4.1.90.Final.jar;C:\Users\sumit\.m2\repository\io\opentelemetry\opentelemetry-api\1.24.0\opentelemetry-api-1.24.0.jar;C:\Users\sumit\.m2\repository\io\opentelemetry\opentelemetry-context\1.24.0\opentelemetry-context-1.24.0.jar;C:\Users\sumit\.m2\repository\io\opentelemetry\opentelemetry-exporter-logging\1.24.0\opentelemetry-exporter-logging-1.24.0.jar;C:\Users\sumit\.m2\repository\io\opentelemetry\opentelemetry-sdk-metrics\1.24.0\opentelemetry-sdk-metrics-1.24.0.jar;C:\Users\sumit\.m2\repository\io\opentelemetry\opentelemetry-sdk-logs\1.24.0-alpha\opentelemetry-sdk-logs-1.24.0-alpha.jar;C:\Users\sumit\.m2\repository\io\opentelemetry\opentelemetry-api-logs\1.24.0-alpha\opentelemetry-api-logs-1.24.0-alpha.jar;C:\Users\sumit\.m2\repository\io\opentelemetry\opentelemetry-api-events\1.24.0-alpha\opentelemetry-api-events-1.24.0-alpha.jar;C:\Users\sumit\.m2\repository\io\opentelemetry\opentelemetry-sdk-common\1.24.0\opentelemetry-sdk-common-1.24.0.jar;C:\Users\sumit\.m2\repository\io\opentelemetry\opentelemetry-sdk-extension-autoconfigure-spi\1.24.0\opentelemetry-sdk-extension-autoconfigure-spi-1.24.0.jar;C:\Users\sumit\.m2\repository\io\opentelemetry\opentelemetry-sdk-extension-autoconfigure\1.24.0-alpha\opentelemetry-sdk-extension-autoconfigure-1.24.0-alpha.jar;C:\Users\sumit\.m2\repository\io\opentelemetry\opentelemetry-sdk-trace\1.24.0\opentelemetry-sdk-trace-1.24.0.jar;C:\Users\sumit\.m2\repository\io\opentelemetry\opentelemetry-sdk\1.24.0\opentelemetry-sdk-1.24.0.jar;C:\Users\sumit\.m2\repository\io\opentelemetry\opentelemetry-semconv\1.24.0-alpha\opentelemetry-semconv-1.24.0-alpha.jar;C:\Users\sumit\.m2\repository\io\ous\jtoml\2.0.0\jtoml-2.0.0.jar;C:\Users\sumit\.m2\repository\net\bytebuddy\byte-buddy\1.14.2\byte-buddy-1.14.2.jar;C:\Users\sumit\.m2\repository\org\apache\commons\commons-exec\1.3\commons-exec-1.3.jar;C:\Users\sumit\.m2\repository\org\asynchttpclient\async-http-client\2.12.3\async-http-client-2.12.3.jar;C:\Users\sumit\.m2\repository\org\asynchttpclient\async-http-client-netty-utils\2.12.3\async-http-client-netty-utils-2.12.3.jar;C:\Users\sumit\.m2\repository\io\netty\netty-codec-socks\4.1.60.Final\netty-codec-socks-4.1.60.Final.jar;C:\Users\sumit\.m2\repository\io\netty\netty-handler-proxy\4.1.60.Final\netty-handler-proxy-4.1.60.Final.jar;C:\Users\sumit\.m2\repository\io\netty\netty-transport-native-epoll\4.1.60.Final\netty-transport-native-epoll-4.1.60.Final-linux-x86_64.jar;C:\Users\sumit\.m2\repository\io\netty\netty-transport-native-kqueue\4.1.60.Final\netty-transport-native-kqueue-4.1.60.Final-osx-x86_64.jar;C:\Users\sumit\.m2\repository\org\reactivestreams\reactive-streams\1.0.3\reactive-streams-1.0.3.jar;C:\Users\sumit\.m2\repository\com\typesafe\netty\netty-reactive-streams\2.0.4\netty-reactive-streams-2.0.4.jar;C:\Users\sumit\.m2\repository\com\sun\activation\jakarta.activation\1.2.2\jakarta.activation-1.2.2.jar;C:\Users\sumit\.m2\repository\org\seleniumhq\selenium\selenium-safari-driver\4.8.3\selenium-safari-driver-4.8.3.jar;C:\Users\sumit\.m2\repository\org\seleniumhq\selenium\selenium-support\4.8.3\selenium-support-4.8.3.jar;C:\Users\sumit\.m2\repository\org\apache\logging\log4j\log4j-api\2.14.1\log4j-api-2.14.1.jar;C:\Users\sumit\.m2\repository\org\apache\logging\log4j\log4j-core\2.14.1\log4j-core-2.14.1.jar;C:\Users\sumit\.m2\repository\org\slf4j\slf4j-simple\1.6.1\slf4j-simple-1.6.1.jar;C:\Users\sumit\.m2\repository\org\slf4j\slf4j-api\1.6.1\slf4j-api-1.6.1.jar;C:\Users\sumit\.m2\repository\junit\junit\4.13.2\junit-4.13.2.jar;C:\Users\sumit\.m2\repository\org\hamcrest\hamcrest-core\1.3\hamcrest-core-1.3.jar;"/>
    <property name="java.vm.vendor" value="Oracle Corporation"/>
    <property name="sun.arch.data.model" value="64"/>
    <property name="user.variant" value=""/>
    <property name="java.vendor.url" value="https://java.oracle.com/"/>
    <property name="user.timezone" value="Asia/Calcutta"/>
    <property name="os.name" value="Windows 11"/>
    <property name="java.vm.specification.version" value="21"/>
    <property name="sun.java.launcher" value="SUN_STANDARD"/>
    <property name="user.country" value="IN"/>
    <property name="sun.boot.library.path" value="C:\Program Files\Java\jdk-21\bin"/>
    <property name="sun.java.command" value="C:\Users\sumit\AppData\Local\Temp\surefire11439143406653290094\surefirebooter-20240322070542430_3.jar C:\Users\sumit\AppData\Local\Temp\surefire11439143406653290094 2024-03-22T07-05-42_180-jvmRun1 surefire-20240322070542430_1tmp surefire_0-20240322070542430_2tmp"/>
    <property name="jdk.debug" value="release"/>
    <property name="surefire.test.class.path" value="C:\Users\sumit\Documents\workspace-spring-tool-suite-4-4.21.0.RELEASE\demo\target\test-classes;C:\Users\sumit\Documents\workspace-spring-tool-suite-4-4.21.0.RELEASE\demo\target\classes;C:\Users\sumit\.m2\repository\org\seleniumhq\selenium\selenium-java\4.8.3\selenium-java-4.8.3.jar;C:\Users\sumit\.m2\repository\org\seleniumhq\selenium\selenium-api\4.8.3\selenium-api-4.8.3.jar;C:\Users\sumit\.m2\repository\org\seleniumhq\selenium\selenium-chrome-driver\4.8.3\selenium-chrome-driver-4.8.3.jar;C:\Users\sumit\.m2\repository\com\google\auto\service\auto-service-annotations\1.0.1\auto-service-annotations-1.0.1.jar;C:\Users\sumit\.m2\repository\com\google\auto\service\auto-service\1.0.1\auto-service-1.0.1.jar;C:\Users\sumit\.m2\repository\com\google\auto\auto-common\1.2\auto-common-1.2.jar;C:\Users\sumit\.m2\repository\com\google\guava\guava\31.1-jre\guava-31.1-jre.jar;C:\Users\sumit\.m2\repository\com\google\guava\failureaccess\1.0.1\failureaccess-1.0.1.jar;C:\Users\sumit\.m2\repository\com\google\guava\listenablefuture\9999.0-empty-to-avoid-conflict-with-guava\listenablefuture-9999.0-empty-to-avoid-conflict-with-guava.jar;C:\Users\sumit\.m2\repository\com\google\code\findbugs\jsr305\3.0.2\jsr305-3.0.2.jar;C:\Users\sumit\.m2\repository\org\checkerframework\checker-qual\3.12.0\checker-qual-3.12.0.jar;C:\Users\sumit\.m2\repository\com\google\errorprone\error_prone_annotations\2.11.0\error_prone_annotations-2.11.0.jar;C:\Users\sumit\.m2\repository\com\google\j2objc\j2objc-annotations\1.3\j2objc-annotations-1.3.jar;C:\Users\sumit\.m2\repository\org\seleniumhq\selenium\selenium-chromium-driver\4.8.3\selenium-chromium-driver-4.8.3.jar;C:\Users\sumit\.m2\repository\org\seleniumhq\selenium\selenium-json\4.8.3\selenium-json-4.8.3.jar;C:\Users\sumit\.m2\repository\org\seleniumhq\selenium\selenium-manager\4.8.3\selenium-manager-4.8.3.jar;C:\Users\sumit\.m2\repository\org\seleniumhq\selenium\selenium-devtools-v109\4.8.3\selenium-devtools-v109-4.8.3.jar;C:\Users\sumit\.m2\repository\org\seleniumhq\selenium\selenium-devtools-v110\4.8.3\selenium-devtools-v110-4.8.3.jar;C:\Users\sumit\.m2\repository\org\seleniumhq\selenium\selenium-devtools-v111\4.8.3\selenium-devtools-v111-4.8.3.jar;C:\Users\sumit\.m2\repository\org\seleniumhq\selenium\selenium-devtools-v85\4.8.3\selenium-devtools-v85-4.8.3.jar;C:\Users\sumit\.m2\repository\org\seleniumhq\selenium\selenium-edge-driver\4.8.3\selenium-edge-driver-4.8.3.jar;C:\Users\sumit\.m2\repository\org\seleniumhq\selenium\selenium-firefox-driver\4.8.3\selenium-firefox-driver-4.8.3.jar;C:\Users\sumit\.m2\repository\org\seleniumhq\selenium\selenium-http\4.8.3\selenium-http-4.8.3.jar;C:\Users\sumit\.m2\repository\dev\failsafe\failsafe\3.3.1\failsafe-3.3.1.jar;C:\Users\sumit\.m2\repository\org\seleniumhq\selenium\selenium-ie-driver\4.8.3\selenium-ie-driver-4.8.3.jar;C:\Users\sumit\.m2\repository\org\seleniumhq\selenium\selenium-remote-driver\4.8.3\selenium-remote-driver-4.8.3.jar;C:\Users\sumit\.m2\repository\com\beust\jcommander\1.82\jcommander-1.82.jar;C:\Users\sumit\.m2\repository\io\netty\netty-buffer\4.1.90.Final\netty-buffer-4.1.90.Final.jar;C:\Users\sumit\.m2\repository\io\netty\netty-codec-http\4.1.90.Final\netty-codec-http-4.1.90.Final.jar;C:\Users\sumit\.m2\repository\io\netty\netty-codec\4.1.90.Final\netty-codec-4.1.90.Final.jar;C:\Users\sumit\.m2\repository\io\netty\netty-handler\4.1.90.Final\netty-handler-4.1.90.Final.jar;C:\Users\sumit\.m2\repository\io\netty\netty-common\4.1.90.Final\netty-common-4.1.90.Final.jar;C:\Users\sumit\.m2\repository\io\netty\netty-transport-classes-epoll\4.1.90.Final\netty-transport-classes-epoll-4.1.90.Final.jar;C:\Users\sumit\.m2\repository\io\netty\netty-transport-classes-kqueue\4.1.90.Final\netty-transport-classes-kqueue-4.1.90.Final.jar;C:\Users\sumit\.m2\repository\io\netty\netty-transport-native-epoll\4.1.90.Final\netty-transport-native-epoll-4.1.90.Final.jar;C:\Users\sumit\.m2\repository\io\netty\netty-transport-native-kqueue\4.1.90.Final\netty-transport-native-kqueue-4.1.90.Final.jar;C:\Users\sumit\.m2\repository\io\netty\netty-transport-native-unix-common\4.1.90.Final\netty-transport-native-unix-common-4.1.90.Final.jar;C:\Users\sumit\.m2\repository\io\netty\netty-transport\4.1.90.Final\netty-transport-4.1.90.Final.jar;C:\Users\sumit\.m2\repository\io\netty\netty-resolver\4.1.90.Final\netty-resolver-4.1.90.Final.jar;C:\Users\sumit\.m2\repository\io\opentelemetry\opentelemetry-api\1.24.0\opentelemetry-api-1.24.0.jar;C:\Users\sumit\.m2\repository\io\opentelemetry\opentelemetry-context\1.24.0\opentelemetry-context-1.24.0.jar;C:\Users\sumit\.m2\repository\io\opentelemetry\opentelemetry-exporter-logging\1.24.0\opentelemetry-exporter-logging-1.24.0.jar;C:\Users\sumit\.m2\repository\io\opentelemetry\opentelemetry-sdk-metrics\1.24.0\opentelemetry-sdk-metrics-1.24.0.jar;C:\Users\sumit\.m2\repository\io\opentelemetry\opentelemetry-sdk-logs\1.24.0-alpha\opentelemetry-sdk-logs-1.24.0-alpha.jar;C:\Users\sumit\.m2\repository\io\opentelemetry\opentelemetry-api-logs\1.24.0-alpha\opentelemetry-api-logs-1.24.0-alpha.jar;C:\Users\sumit\.m2\repository\io\opentelemetry\opentelemetry-api-events\1.24.0-alpha\opentelemetry-api-events-1.24.0-alpha.jar;C:\Users\sumit\.m2\repository\io\opentelemetry\opentelemetry-sdk-common\1.24.0\opentelemetry-sdk-common-1.24.0.jar;C:\Users\sumit\.m2\repository\io\opentelemetry\opentelemetry-sdk-extension-autoconfigure-spi\1.24.0\opentelemetry-sdk-extension-autoconfigure-spi-1.24.0.jar;C:\Users\sumit\.m2\repository\io\opentelemetry\opentelemetry-sdk-extension-autoconfigure\1.24.0-alpha\opentelemetry-sdk-extension-autoconfigure-1.24.0-alpha.jar;C:\Users\sumit\.m2\repository\io\opentelemetry\opentelemetry-sdk-trace\1.24.0\opentelemetry-sdk-trace-1.24.0.jar;C:\Users\sumit\.m2\repository\io\opentelemetry\opentelemetry-sdk\1.24.0\opentelemetry-sdk-1.24.0.jar;C:\Users\sumit\.m2\repository\io\opentelemetry\opentelemetry-semconv\1.24.0-alpha\opentelemetry-semconv-1.24.0-alpha.jar;C:\Users\sumit\.m2\repository\io\ous\jtoml\2.0.0\jtoml-2.0.0.jar;C:\Users\sumit\.m2\repository\net\bytebuddy\byte-buddy\1.14.2\byte-buddy-1.14.2.jar;C:\Users\sumit\.m2\repository\org\apache\commons\commons-exec\1.3\commons-exec-1.3.jar;C:\Users\sumit\.m2\repository\org\asynchttpclient\async-http-client\2.12.3\async-http-client-2.12.3.jar;C:\Users\sumit\.m2\repository\org\asynchttpclient\async-http-client-netty-utils\2.12.3\async-http-client-netty-utils-2.12.3.jar;C:\Users\sumit\.m2\repository\io\netty\netty-codec-socks\4.1.60.Final\netty-codec-socks-4.1.60.Final.jar;C:\Users\sumit\.m2\repository\io\netty\netty-handler-proxy\4.1.60.Final\netty-handler-proxy-4.1.60.Final.jar;C:\Users\sumit\.m2\repository\io\netty\netty-transport-native-epoll\4.1.60.Final\netty-transport-native-epoll-4.1.60.Final-linux-x86_64.jar;C:\Users\sumit\.m2\repository\io\netty\netty-transport-native-kqueue\4.1.60.Final\netty-transport-native-kqueue-4.1.60.Final-osx-x86_64.jar;C:\Users\sumit\.m2\repository\org\reactivestreams\reactive-streams\1.0.3\reactive-streams-1.0.3.jar;C:\Users\sumit\.m2\repository\com\typesafe\netty\netty-reactive-streams\2.0.4\netty-reactive-streams-2.0.4.jar;C:\Users\sumit\.m2\repository\com\sun\activation\jakarta.activation\1.2.2\jakarta.activation-1.2.2.jar;C:\Users\sumit\.m2\repository\org\seleniumhq\selenium\selenium-safari-driver\4.8.3\selenium-safari-driver-4.8.3.jar;C:\Users\sumit\.m2\repository\org\seleniumhq\selenium\selenium-support\4.8.3\selenium-support-4.8.3.jar;C:\Users\sumit\.m2\repository\org\apache\logging\log4j\log4j-api\2.14.1\log4j-api-2.14.1.jar;C:\Users\sumit\.m2\repository\org\apache\logging\log4j\log4j-core\2.14.1\log4j-core-2.14.1.jar;C:\Users\sumit\.m2\repository\org\slf4j\slf4j-simple\1.6.1\slf4j-simple-1.6.1.jar;C:\Users\sumit\.m2\repository\org\slf4j\slf4j-api\1.6.1\slf4j-api-1.6.1.jar;C:\Users\sumit\.m2\repository\junit\junit\4.13.2\junit-4.13.2.jar;C:\Users\sumit\.m2\repository\org\hamcrest\hamcrest-core\1.3\hamcrest-core-1.3.jar;"/>
    <property name="sun.cpu.endian" value="little"/>
    <property name="user.home" value="C:\Users\sumit"/>
    <property name="user.language" value="en"/>
    <property name="java.specification.vendor" value="Oracle Corporation"/>
    <property name="java.version.date" value="2024-01-16"/>
    <property name="java.home" value="C:\Program Files\Java\jdk-21"/>
    <property name="file.separator" value="\"/>
    <property name="basedir" value="C:\Users\sumit\Documents\workspace-spring-tool-suite-4-4.21.0.RELEASE\demo"/>
    <property name="java.vm.compressedOopsMode" value="Zero based"/>
    <property name="line.separator" value="&#10;"/>
    <property name="java.vm.specification.vendor" value="Oracle Corporation"/>
    <property name="java.specification.name" value="Java Platform API Specification"/>
    <property name="surefire.real.class.path" value="C:\Users\sumit\AppData\Local\Temp\surefire11439143406653290094\surefirebooter-20240322070542430_3.jar"/>
    <property name="user.script" value=""/>
    <property name="sun.management.compiler" value="HotSpot 64-Bit Tiered Compilers"/>
    <property name="java.runtime.version" value="21.0.2+13-LTS-58"/>
    <property name="user.name" value="sumit"/>
    <property name="stdout.encoding" value="Cp1252"/>
    <property name="path.separator" value=";"/>
    <property name="os.version" value="10.0"/>
    <property name="java.runtime.name" value="Java(TM) SE Runtime Environment"/>
    <property name="file.encoding" value="UTF-8"/>
    <property name="java.vm.name" value="Java HotSpot(TM) 64-Bit Server VM"/>
    <property name="localRepository" value="C:\Users\sumit\.m2\repository"/>
    <property name="java.vendor.url.bug" value="https://bugreport.java.com/bugreport/"/>
    <property name="java.io.tmpdir" value="C:\Users\sumit\AppData\Local\Temp\"/>
    <property name="java.version" value="21.0.2"/>
    <property name="user.dir" value="C:\Users\sumit\Documents\workspace-spring-tool-suite-4-4.21.0.RELEASE\demo"/>
    <property name="os.arch" value="amd64"/>
    <property name="java.vm.specification.name" value="Java Virtual Machine Specification"/>
    <property name="sun.os.patch.level" value=""/>
    <property name="native.encoding" value="Cp1252"/>
    <property name="java.library.path" value="C:\Program Files\Java\jdk-21\bin;C:\Windows\Sun\Java\bin;C:\Windows\system32;C:\Windows;C:\Program Files\Common Files\Oracle\Java\javapath;C:\Program Files\python\Scripts\;C:\Program Files\python\;C:\Windows\system32;C:\Windows;C:\Windows\System32\Wbem;C:\Windows\System32\WindowsPowerShell\v1.0\;C:\Windows\System32\OpenSSH\;C:\Program Files\Java\jdk-21\bin;C:\Program Files\Docker\Docker\resources\bin;C:\Program Files\Git\cmd;C:\Program Files\nodejs\;C:\Program Files\Cloudflare\Cloudflare WARP\;C:\Users\sumit\AppData\Local\Programs\Python\Python37\Scripts\;C:\Users\sumit\AppData\Local\Programs\Python\Python37\;C:\Program Files\python37\Scripts\;C:\Program Files\python37\;C:\Users\sumit\AppData\Local\Microsoft\WindowsApps;C:\Users\sumit\AppData\Local\Programs\Microsoft VS Code\bin;C:\Program Files\Java\jdk-21\bin;C:\Users\sumit\AppData\Roaming\npm;C:\Program Files\apache-maven-3.9.6\bin;;."/>
    <property name="java.vm.info" value="mixed mode, sharing"/>
    <property name="stderr.encoding" value="Cp1252"/>
    <property name="java.vendor" value="Oracle Corporation"/>
    <property name="java.vm.version" value="21.0.2+13-LTS-58"/>
    <property name="sun.io.unicode.encoding" value="UnicodeLittle"/>
    <property name="java.class.version" value="65.0"/>
  </properties>
  <testcase name="testAddition" classname="test.TestClass" time="0.007"/>
</testsuite>